{"logTime": "1205/191850", "correlationVector":"qdZk3NTNY230Gm1fg+jBTc.1","action":"SyncServerConnectionManagerRequest", "result":"SYNC_SERVER_OK", "context":{"environment":"Prod_WestEurope_000l", "migrationStage":"NotStarted", "server":"GENERAL0100000Q"}}
{"logTime": "1205/191850", "correlationVector":"qdZk3NTNY230Gm1fg+jBTc.2","action":"AAD.GetKeyResponse", "result":"Fail", "context":Keys=0.LastKeyStatus=Empty.State=None.Pending NewKey. Tags: }
{"logTime": "1205/191851", "correlationVector":"x2yJfkMnVyG2XRhP8te3NW","action":"AAD.Mip.Pack:", "result":"Success", "context":MIP_CLOUD_COMMERCIAL:Success}
{"logTime": "1205/191851", "correlationVector":"x2yJfkMnVyG2XRhP8te3NW.0","action":"AAD.AddCommitKey", "result":"Success", "context": Tags: Current_encryption_keys_tag = Empty, Updated_current_encryption_keys_tag = fm/xXM+w/5ELzPFIdB/Hs3iMioLZCt7Lm4KhHpJp4fQ=}
{"logTime": "1205/191851", "correlationVector":"8UAZc3o8fnZIEiiEWUPR9i.1","action":"SyncServerConnectionManagerRequest", "result":"SYNC_SERVER_OK", "context":{"environment":"Prod_WestEurope_000l", "migrationStage":"NotStarted", "server":"GENERAL01000018"}}
{"logTime": "1205/191851", "correlationVector":"8UAZc3o8fnZIEiiEWUPR9i.3","action":"AAD.CommitKeyResponse", "result":"Success", "context":Committed}
{"logTime": "1205/191851", "correlationVector":"qdZk3NTNY230Gm1fg+jBTc","action":"Initial GetUpdates", "result":"", "context":Reason: NEW_CLIENT. cV=qdZk3NTNY230Gm1fg+jBTc}
{"logTime": "1205/191851", "correlationVector":"qdZk3NTNY230Gm1fg+jBTc.3","action":"GetUpdates Response", "result":"Success", "context":Received 1 update(s). cV=qdZk3NTNY230Gm1fg+jBTc.0;server=GENERAL0100000Q;cloudType=Multitenant;environment=Prod_WestEurope_000l;migrationStage=NotStarted}
{"logTime": "1205/191851", "correlationVector":"8UAZc3o8fnZIEiiEWUPR9i","action":"Commit Request", "result":"", "context":Item count: 1
Contributing types: Encryption Keys}
{"logTime": "1205/191851", "correlationVector":"8UAZc3o8fnZIEiiEWUPR9i.2","action":"Commit Response", "result":"Success", "context":Result: Success. cV=8UAZc3o8fnZIEiiEWUPR9i.0;server=GENERAL01000018;cloudType=Multitenant;environment=Prod_WestEurope_000l;migrationStage=NotStarted}
{"logTime": "1205/191851", "correlationVector":"o3BhXLrMR/8QZXBKzcxkMC","action":"Initial GetUpdates", "result":"", "context":Reason: NEW_CLIENT. cV=o3BhXLrMR/8QZXBKzcxkMC}
{"logTime": "1205/191851", "correlationVector":"o3BhXLrMR/8QZXBKzcxkMC.1","action":"SyncServerConnectionManagerRequest", "result":"SYNC_SERVER_OK", "context":{"environment":"Prod_WestEurope_000l", "migrationStage":"NotStarted", "server":"GENERAL0100001B"}}
{"logTime": "1205/191851", "correlationVector":"o3BhXLrMR/8QZXBKzcxkMC.2","action":"GetUpdates Response", "result":"Success", "context":Received 1 update(s). cV=o3BhXLrMR/8QZXBKzcxkMC.0;server=GENERAL0100001B;cloudType=Multitenant;environment=Prod_WestEurope_000l;migrationStage=NotStarted}
{"logTime": "1205/191851", "correlationVector":"22URGuEZm86mWDIstz3FnV","action":"Initial GetUpdates", "result":"", "context":Reason: NEW_CLIENT. cV=22URGuEZm86mWDIstz3FnV}
{"logTime": "1205/191851", "correlationVector":"22URGuEZm86mWDIstz3FnV.1","action":"SyncServerConnectionManagerRequest", "result":"SYNC_SERVER_OK", "context":{"environment":"Prod_WestEurope_000l", "migrationStage":"NotStarted", "server":"GENERAL0100000M"}}
{"logTime": "1205/191851", "correlationVector":"22URGuEZm86mWDIstz3FnV.2","action":"GetUpdates Response", "result":"Success", "context":Received 5 update(s). cV=22URGuEZm86mWDIstz3FnV.0;server=GENERAL0100000M;cloudType=Multitenant;environment=Prod_WestEurope_000l;migrationStage=NotStarted}
{"logTime": "1205/191851", "correlationVector":"HyJynPHwhRQ3UD9roW61yU","action":"Initial GetUpdates", "result":"", "context":Reason: NEW_CLIENT. cV=HyJynPHwhRQ3UD9roW61yU}
{"logTime": "1205/191852", "correlationVector":"HyJynPHwhRQ3UD9roW61yU.1","action":"SyncServerConnectionManagerRequest", "result":"SYNC_SERVER_OK", "context":{"environment":"Prod_WestEurope_000l", "migrationStage":"NotStarted", "server":"GENERAL01000002"}}
{"logTime": "1205/191852", "correlationVector":"HyJynPHwhRQ3UD9roW61yU.2","action":"GetUpdates Response", "result":"Success", "context":Received 1 update(s). cV=HyJynPHwhRQ3UD9roW61yU.0;server=GENERAL01000002;cloudType=Multitenant;environment=Prod_WestEurope_000l;migrationStage=NotStarted}
{"logTime": "1205/191852", "correlationVector":"8FDNW8RZWaY3JypXUE96HK","action":"Normal GetUpdate request", "result":"", "context":cV=8FDNW8RZWaY3JypXUE96HK
Nudged types: Preferences, Sessions, Device Info, User Consents, Encryption Keys
Refresh requested types: Bookmarks, Preferences, Passwords, Autofill Profiles, Autofill, Typed URLs, Extensions, Sessions, Extension settings, History Delete Directives, Device Info, User Consents, Send Tab To Self, Web Apps, Collection, Edge E Drop, Edge Hub App Usage, Edge Tab Group, Edge Wallet, Encryption Keys}
{"logTime": "1205/191852", "correlationVector":"8FDNW8RZWaY3JypXUE96HK.1","action":"SyncServerConnectionManagerRequest", "result":"SYNC_SERVER_OK", "context":{"environment":"Prod_WestEurope_000l", "migrationStage":"NotStarted", "server":"GENERAL0100000V"}}
{"logTime": "1205/191852", "correlationVector":"8FDNW8RZWaY3JypXUE96HK.2","action":"GetUpdates Response", "result":"Success", "context":Received 0 update(s). cV=8FDNW8RZWaY3JypXUE96HK.0;server=GENERAL0100000V;cloudType=Multitenant;environment=Prod_WestEurope_000l;migrationStage=NotStarted}
{"logTime": "1205/191852", "correlationVector":"xbni2rBM1rq/9r/szW9w/t","action":"Commit Request", "result":"", "context":Item count: 23
Contributing types: Preferences, Sessions, Device Info, User Consents}
{"logTime": "1205/191853", "correlationVector":"xbni2rBM1rq/9r/szW9w/t.1","action":"SyncServerConnectionManagerRequest", "result":"SYNC_SERVER_OK", "context":{"environment":"Prod_WestEurope_000l", "migrationStage":"NotStarted", "server":"GENERAL0100001N"}}
{"logTime": "1205/191853", "correlationVector":"xbni2rBM1rq/9r/szW9w/t.2","action":"Commit Response", "result":"Success", "context":Result: Success. cV=xbni2rBM1rq/9r/szW9w/t.0;server=GENERAL0100001N;cloudType=Multitenant;environment=Prod_WestEurope_000l;migrationStage=NotStarted}
{"logTime": "1205/191856", "correlationVector":"E1Whozj/rfqKuG5QExLlRw","action":"Commit Request", "result":"", "context":Item count: 2
Contributing types: Preferences, Sessions}
{"logTime": "1205/191856", "correlationVector":"E1Whozj/rfqKuG5QExLlRw.1","action":"SyncServerConnectionManagerRequest", "result":"SYNC_SERVER_OK", "context":{"environment":"Prod_WestEurope_000l", "migrationStage":"NotStarted", "server":"GENERAL0100001A"}}
{"logTime": "1205/191856", "correlationVector":"E1Whozj/rfqKuG5QExLlRw.2","action":"Commit Response", "result":"Success", "context":Result: Success. cV=E1Whozj/rfqKuG5QExLlRw.0;server=GENERAL0100001A;cloudType=Multitenant;environment=Prod_WestEurope_000l;migrationStage=NotStarted}
{"logTime": "1205/191857", "correlationVector":"ge1Nw0qxoooYpTO/Ghxp5W","action":"Commit Request", "result":"", "context":Item count: 1
Contributing types: User Consents}
{"logTime": "1205/191857", "correlationVector":"ge1Nw0qxoooYpTO/Ghxp5W.1","action":"SyncServerConnectionManagerRequest", "result":"SYNC_SERVER_OK", "context":{"environment":"Prod_WestEurope_000l", "migrationStage":"NotStarted", "server":"GENERAL0100000V"}}
{"logTime": "1205/191857", "correlationVector":"ge1Nw0qxoooYpTO/Ghxp5W.2","action":"Commit Response", "result":"Success", "context":Result: Success. cV=ge1Nw0qxoooYpTO/Ghxp5W.0;server=GENERAL0100000V;cloudType=Multitenant;environment=Prod_WestEurope_000l;migrationStage=NotStarted}
